Running File Generation Process
Running for headway=25
Node positions have been saved to /home/mtp/ns-allinone-3.36.1/ns-3.36.1/scratch/mtp/customexamples/CustomApplicationExample/inputs/positions-81.txt
Client Start Time have been saved to /home/mtp/ns-allinone-3.36.1/ns-3.36.1/scratch/mtp/customexamples/CustomApplicationExample/inputs/startTimes-81.txt
Node Velocities have been saved to /home/mtp/ns-allinone-3.36.1/ns-3.36.1/scratch/mtp/customexamples/CustomApplicationExample/inputs/velocities-81.txt
Application Packet Generation Rate have been saved to /home/mtp/ns-allinone-3.36.1/ns-3.36.1/scratch/mtp/customexamples/CustomApplicationExample/inputs/packetGenRates-81.txt
Application Priority Packet Generation Rate have been saved to /home/mtp/ns-allinone-3.36.1/ns-3.36.1/scratch/mtp/customexamples/CustomApplicationExample/inputs/prioPacketGenRates-81.txt



Running for headway=30
Node positions have been saved to /home/mtp/ns-allinone-3.36.1/ns-3.36.1/scratch/mtp/customexamples/CustomApplicationExample/inputs/positions-67.txt
Client Start Time have been saved to /home/mtp/ns-allinone-3.36.1/ns-3.36.1/scratch/mtp/customexamples/CustomApplicationExample/inputs/startTimes-67.txt
Node Velocities have been saved to /home/mtp/ns-allinone-3.36.1/ns-3.36.1/scratch/mtp/customexamples/CustomApplicationExample/inputs/velocities-67.txt
Application Packet Generation Rate have been saved to /home/mtp/ns-allinone-3.36.1/ns-3.36.1/scratch/mtp/customexamples/CustomApplicationExample/inputs/packetGenRates-67.txt
Application Priority Packet Generation Rate have been saved to /home/mtp/ns-allinone-3.36.1/ns-3.36.1/scratch/mtp/customexamples/CustomApplicationExample/inputs/prioPacketGenRates-67.txt



Running for headway=35
Node positions have been saved to /home/mtp/ns-allinone-3.36.1/ns-3.36.1/scratch/mtp/customexamples/CustomApplicationExample/inputs/positions-58.txt
Client Start Time have been saved to /home/mtp/ns-allinone-3.36.1/ns-3.36.1/scratch/mtp/customexamples/CustomApplicationExample/inputs/startTimes-58.txt
Node Velocities have been saved to /home/mtp/ns-allinone-3.36.1/ns-3.36.1/scratch/mtp/customexamples/CustomApplicationExample/inputs/velocities-58.txt
Application Packet Generation Rate have been saved to /home/mtp/ns-allinone-3.36.1/ns-3.36.1/scratch/mtp/customexamples/CustomApplicationExample/inputs/packetGenRates-58.txt
Application Priority Packet Generation Rate have been saved to /home/mtp/ns-allinone-3.36.1/ns-3.36.1/scratch/mtp/customexamples/CustomApplicationExample/inputs/prioPacketGenRates-58.txt



Running for headway=40
Node positions have been saved to /home/mtp/ns-allinone-3.36.1/ns-3.36.1/scratch/mtp/customexamples/CustomApplicationExample/inputs/positions-51.txt
Client Start Time have been saved to /home/mtp/ns-allinone-3.36.1/ns-3.36.1/scratch/mtp/customexamples/CustomApplicationExample/inputs/startTimes-51.txt
Node Velocities have been saved to /home/mtp/ns-allinone-3.36.1/ns-3.36.1/scratch/mtp/customexamples/CustomApplicationExample/inputs/velocities-51.txt
Application Packet Generation Rate have been saved to /home/mtp/ns-allinone-3.36.1/ns-3.36.1/scratch/mtp/customexamples/CustomApplicationExample/inputs/packetGenRates-51.txt
Application Priority Packet Generation Rate have been saved to /home/mtp/ns-allinone-3.36.1/ns-3.36.1/scratch/mtp/customexamples/CustomApplicationExample/inputs/prioPacketGenRates-51.txt



Running for headway=45
Node positions have been saved to /home/mtp/ns-allinone-3.36.1/ns-3.36.1/scratch/mtp/customexamples/CustomApplicationExample/inputs/positions-45.txt
Client Start Time have been saved to /home/mtp/ns-allinone-3.36.1/ns-3.36.1/scratch/mtp/customexamples/CustomApplicationExample/inputs/startTimes-45.txt
Node Velocities have been saved to /home/mtp/ns-allinone-3.36.1/ns-3.36.1/scratch/mtp/customexamples/CustomApplicationExample/inputs/velocities-45.txt
Application Packet Generation Rate have been saved to /home/mtp/ns-allinone-3.36.1/ns-3.36.1/scratch/mtp/customexamples/CustomApplicationExample/inputs/packetGenRates-45.txt
Application Priority Packet Generation Rate have been saved to /home/mtp/ns-allinone-3.36.1/ns-3.36.1/scratch/mtp/customexamples/CustomApplicationExample/inputs/prioPacketGenRates-45.txt



Running for headway=50
Node positions have been saved to /home/mtp/ns-allinone-3.36.1/ns-3.36.1/scratch/mtp/customexamples/CustomApplicationExample/inputs/positions-41.txt
Client Start Time have been saved to /home/mtp/ns-allinone-3.36.1/ns-3.36.1/scratch/mtp/customexamples/CustomApplicationExample/inputs/startTimes-41.txt
Node Velocities have been saved to /home/mtp/ns-allinone-3.36.1/ns-3.36.1/scratch/mtp/customexamples/CustomApplicationExample/inputs/velocities-41.txt
Application Packet Generation Rate have been saved to /home/mtp/ns-allinone-3.36.1/ns-3.36.1/scratch/mtp/customexamples/CustomApplicationExample/inputs/packetGenRates-41.txt
Application Priority Packet Generation Rate have been saved to /home/mtp/ns-allinone-3.36.1/ns-3.36.1/scratch/mtp/customexamples/CustomApplicationExample/inputs/prioPacketGenRates-41.txt



Running for headway=55
Node positions have been saved to /home/mtp/ns-allinone-3.36.1/ns-3.36.1/scratch/mtp/customexamples/CustomApplicationExample/inputs/positions-37.txt
Client Start Time have been saved to /home/mtp/ns-allinone-3.36.1/ns-3.36.1/scratch/mtp/customexamples/CustomApplicationExample/inputs/startTimes-37.txt
Node Velocities have been saved to /home/mtp/ns-allinone-3.36.1/ns-3.36.1/scratch/mtp/customexamples/CustomApplicationExample/inputs/velocities-37.txt
Application Packet Generation Rate have been saved to /home/mtp/ns-allinone-3.36.1/ns-3.36.1/scratch/mtp/customexamples/CustomApplicationExample/inputs/packetGenRates-37.txt
Application Priority Packet Generation Rate have been saved to /home/mtp/ns-allinone-3.36.1/ns-3.36.1/scratch/mtp/customexamples/CustomApplicationExample/inputs/prioPacketGenRates-37.txt



Running for headway=60
Node positions have been saved to /home/mtp/ns-allinone-3.36.1/ns-3.36.1/scratch/mtp/customexamples/CustomApplicationExample/inputs/positions-34.txt
Client Start Time have been saved to /home/mtp/ns-allinone-3.36.1/ns-3.36.1/scratch/mtp/customexamples/CustomApplicationExample/inputs/startTimes-34.txt
Node Velocities have been saved to /home/mtp/ns-allinone-3.36.1/ns-3.36.1/scratch/mtp/customexamples/CustomApplicationExample/inputs/velocities-34.txt
Application Packet Generation Rate have been saved to /home/mtp/ns-allinone-3.36.1/ns-3.36.1/scratch/mtp/customexamples/CustomApplicationExample/inputs/packetGenRates-34.txt
Application Priority Packet Generation Rate have been saved to /home/mtp/ns-allinone-3.36.1/ns-3.36.1/scratch/mtp/customexamples/CustomApplicationExample/inputs/prioPacketGenRates-34.txt



Running for headway=65
Node positions have been saved to /home/mtp/ns-allinone-3.36.1/ns-3.36.1/scratch/mtp/customexamples/CustomApplicationExample/inputs/positions-31.txt
Client Start Time have been saved to /home/mtp/ns-allinone-3.36.1/ns-3.36.1/scratch/mtp/customexamples/CustomApplicationExample/inputs/startTimes-31.txt
Node Velocities have been saved to /home/mtp/ns-allinone-3.36.1/ns-3.36.1/scratch/mtp/customexamples/CustomApplicationExample/inputs/velocities-31.txt
Application Packet Generation Rate have been saved to /home/mtp/ns-allinone-3.36.1/ns-3.36.1/scratch/mtp/customexamples/CustomApplicationExample/inputs/packetGenRates-31.txt
Application Priority Packet Generation Rate have been saved to /home/mtp/ns-allinone-3.36.1/ns-3.36.1/scratch/mtp/customexamples/CustomApplicationExample/inputs/prioPacketGenRates-31.txt



Running for headway=70
Node positions have been saved to /home/mtp/ns-allinone-3.36.1/ns-3.36.1/scratch/mtp/customexamples/CustomApplicationExample/inputs/positions-29.txt
Client Start Time have been saved to /home/mtp/ns-allinone-3.36.1/ns-3.36.1/scratch/mtp/customexamples/CustomApplicationExample/inputs/startTimes-29.txt
Node Velocities have been saved to /home/mtp/ns-allinone-3.36.1/ns-3.36.1/scratch/mtp/customexamples/CustomApplicationExample/inputs/velocities-29.txt
Application Packet Generation Rate have been saved to /home/mtp/ns-allinone-3.36.1/ns-3.36.1/scratch/mtp/customexamples/CustomApplicationExample/inputs/packetGenRates-29.txt
Application Priority Packet Generation Rate have been saved to /home/mtp/ns-allinone-3.36.1/ns-3.36.1/scratch/mtp/customexamples/CustomApplicationExample/inputs/prioPacketGenRates-29.txt



Running for headway=75
Node positions have been saved to /home/mtp/ns-allinone-3.36.1/ns-3.36.1/scratch/mtp/customexamples/CustomApplicationExample/inputs/positions-27.txt
Client Start Time have been saved to /home/mtp/ns-allinone-3.36.1/ns-3.36.1/scratch/mtp/customexamples/CustomApplicationExample/inputs/startTimes-27.txt
Node Velocities have been saved to /home/mtp/ns-allinone-3.36.1/ns-3.36.1/scratch/mtp/customexamples/CustomApplicationExample/inputs/velocities-27.txt
Application Packet Generation Rate have been saved to /home/mtp/ns-allinone-3.36.1/ns-3.36.1/scratch/mtp/customexamples/CustomApplicationExample/inputs/packetGenRates-27.txt
Application Priority Packet Generation Rate have been saved to /home/mtp/ns-allinone-3.36.1/ns-3.36.1/scratch/mtp/customexamples/CustomApplicationExample/inputs/prioPacketGenRates-27.txt



Running the Actual ns3 process
-- GLOB mismatch!
-- Using default output directory /home/mtp/ns-allinone-3.36.1/ns-3.36.1/build
-- [33mProceeding without cmake-format[0m
-- find_external_library: SQLite3 was found.
-- [33mHarfbuzz is required by GTK3 and was not found.[0m
-- LibXML2 was found.
-- LibRT was found.
-- GSL was found.
-- [33mdocs: doxygen documentation not enabled due to missing dependencies: doxygen;dia[0m
-- Failed to locate sphinx-build executable (missing: SPHINX_EXECUTABLE) 
-- [33mdocs: sphinx documentation not enabled due to missing dependencies: Sphinx;epstopdf;pdflatex;latexmk;convert;dvipng[0m
-- Precompiled headers were enabled
-- Processing src/visualizer
-- Processing src/antenna
-- Processing src/aodv
-- Processing src/applications
-- Processing src/bridge
-- Processing src/brite
-- [33mfind_external_library: brite was not found. Missing headers: "Brite.h" and missing libraries: "brite".[0m
-- [33mSkipping src/brite[0m
-- Processing src/buildings
-- Processing src/click
-- [33mfind_external_library: click was not found. Missing headers: "simclick.h" and missing libraries: "nsclick;click".[0m
-- [33mSkipping src/click[0m
-- Processing src/config-store
-- Processing src/core
-- Boost Units have been found.
-- Processing src/csma
-- Processing src/csma-layout
-- Processing src/dsdv
-- Processing src/dsr
-- Processing src/energy
-- Processing src/fd-net-device
-- Checking for module 'libdpdk'
--   No package 'libdpdk' found
-- Processing src/flow-monitor
-- Processing src/internet
-- Processing src/internet-apps
-- Processing src/lr-wpan
-- Processing src/lte
-- Processing src/mesh
-- Processing src/mobility
-- Processing src/netanim
-- Processing src/network
-- Processing src/nix-vector-routing
-- Processing src/olsr
-- Processing src/openflow
-- [33mfind_external_library: openflow was not found. Missing headers: "openflow.h" and missing libraries: "openflow".[0m
-- [33mSkipping src/openflow[0m
-- Processing src/point-to-point
-- Processing src/point-to-point-layout
-- Processing src/propagation
-- Processing src/sixlowpan
-- Processing src/spectrum
-- Processing src/stats
-- Processing src/tap-bridge
-- Processing src/test
-- Processing src/topology-read
-- Processing src/traffic-control
-- Processing src/uan
-- Processing src/virtual-net-device
-- Processing src/wave
-- Processing src/wifi
-- Processing src/wimax
-- ---- Summary of optional ns-3 features:
Build profile                 : debug
Build directory               : /home/mtp/ns-allinone-3.36.1/ns-3.36.1/build
BRITE Integration             : [31mOFF (missing dependency)[0m
DES Metrics event collection  : OFF (not requested)
DPDK NetDevice                : OFF (not requested)
Emulation FdNetDevice         : [32mON[0m
Examples                      : [32mON[0m
File descriptor NetDevice     : [32mON[0m
GNU Scientific Library (GSL)  : [32mON[0m
GtkConfigStore                : [31mOFF (missing dependency)[0m
LibXml2 support               : [32mON[0m
MPI Support                   : OFF (not requested)
ns-3 Click Integration        : [31mOFF (missing dependency)[0m
ns-3 OpenFlow Integration     : [31mOFF (missing dependency)[0m
Netmap emulation FdNetDevice  : [31mOFF (missing dependency)[0m
PyViz visualizer              : [32mON[0m
Python API Scanning Support   : OFF (not requested)
Python Bindings               : [32mON[0m
Real Time Simulator           : [32mON[0m
SQLite support                : [32mON[0m
Tap Bridge                    : [32mON[0m
Tap FdNetDevice               : [32mON[0m
Tests                         : [32mON[0m


Modules configured to be built:
antenna                   aodv                      applications              
bridge                    buildings                 config-store              
core                      csma                      csma-layout               
dsdv                      dsr                       energy                    
fd-net-device             flow-monitor              internet                  
internet-apps             lr-wpan                   lte                       
mesh                      mobility                  netanim                   
network                   nix-vector-routing        olsr                      
point-to-point            point-to-point-layout     propagation               
sixlowpan                 spectrum                  stats                     
tap-bridge                test                      topology-read             
traffic-control           uan                       virtual-net-device        
visualizer                wave                      wifi                      
wimax                     

Modules that cannot be built:
brite                     click                     mpi                       
openflow                  


-- Configuring done
-- Generating done
-- Build files have been written to: /home/mtp/ns-allinone-3.36.1/ns-3.36.1/cmake-cache
-- GLOB mismatch!
-- Using default output directory /home/mtp/ns-allinone-3.36.1/ns-3.36.1/build
-- [33mProceeding without cmake-format[0m
-- find_external_library: SQLite3 was found.
-- [33mHarfbuzz is required by GTK3 and was not found.[0m
-- LibXML2 was found.
-- LibRT was found.
-- GSL was found.
-- [33mdocs: doxygen documentation not enabled due to missing dependencies: doxygen;dia[0m
-- Failed to locate sphinx-build executable (missing: SPHINX_EXECUTABLE) 
-- [33mdocs: sphinx documentation not enabled due to missing dependencies: Sphinx;epstopdf;pdflatex;latexmk;convert;dvipng[0m
-- Precompiled headers were enabled
-- Processing src/visualizer
-- Processing src/antenna
-- Processing src/aodv
-- Processing src/applications
-- Processing src/bridge
-- Processing src/brite
-- [33mfind_external_library: brite was not found. Missing headers: "Brite.h" and missing libraries: "brite".[0m
-- [33mSkipping src/brite[0m
-- Processing src/buildings
-- Processing src/click
-- [33mfind_external_library: click was not found. Missing headers: "simclick.h" and missing libraries: "nsclick;click".[0m
-- [33mSkipping src/click[0m
-- Processing src/config-store
-- Processing src/core
-- Boost Units have been found.
-- Processing src/csma
-- Processing src/csma-layout
-- Processing src/dsdv
-- Processing src/dsr
-- Processing src/energy
-- Processing src/fd-net-device
-- Checking for module 'libdpdk'
--   No package 'libdpdk' found
-- Processing src/flow-monitor
-- Processing src/internet
-- Processing src/internet-apps
-- Processing src/lr-wpan
-- Processing src/lte
-- Processing src/mesh
-- Processing src/mobility
-- Processing src/netanim
-- Processing src/network
-- Processing src/nix-vector-routing
-- Processing src/olsr
-- Processing src/openflow
-- [33mfind_external_library: openflow was not found. Missing headers: "openflow.h" and missing libraries: "openflow".[0m
-- [33mSkipping src/openflow[0m
-- Processing src/point-to-point
-- Processing src/point-to-point-layout
-- Processing src/propagation
-- Processing src/sixlowpan
-- Processing src/spectrum
-- Processing src/stats
-- Processing src/tap-bridge
-- Processing src/test
-- Processing src/topology-read
-- Processing src/traffic-control
-- Processing src/uan
-- Processing src/virtual-net-device
-- Processing src/wave
-- Processing src/wifi
-- Processing src/wimax
-- ---- Summary of optional ns-3 features:
Build profile                 : debug
Build directory               : /home/mtp/ns-allinone-3.36.1/ns-3.36.1/build
BRITE Integration             : [31mOFF (missing dependency)[0m
DES Metrics event collection  : OFF (not requested)
DPDK NetDevice                : OFF (not requested)
Emulation FdNetDevice         : [32mON[0m
Examples                      : [32mON[0m
File descriptor NetDevice     : [32mON[0m
GNU Scientific Library (GSL)  : [32mON[0m
GtkConfigStore                : [31mOFF (missing dependency)[0m
LibXml2 support               : [32mON[0m
MPI Support                   : OFF (not requested)
ns-3 Click Integration        : [31mOFF (missing dependency)[0m
ns-3 OpenFlow Integration     : [31mOFF (missing dependency)[0m
Netmap emulation FdNetDevice  : [31mOFF (missing dependency)[0m
PyViz visualizer              : [32mON[0m
Python API Scanning Support   : OFF (not requested)
Python Bindings               : [32mON[0m
Real Time Simulator           : [32mON[0m
SQLite support                : [32mON[0m
Tap Bridge                    : [32mON[0m
Tap FdNetDevice               : [32mON[0m
Tests                         : [32mON[0m


Modules configured to be built:
antenna                   aodv                      applications              
bridge                    buildings                 config-store              
core                      csma                      csma-layout               
dsdv                      dsr                       energy                    
fd-net-device             flow-monitor              internet                  
internet-apps             lr-wpan                   lte                       
mesh                      mobility                  netanim                   
network                   nix-vector-routing        olsr                      
point-to-point            point-to-point-layout     propagation               
sixlowpan                 spectrum                  stats                     
tap-bridge                test                      topology-read             
traffic-control           uan                       virtual-net-device        
visualizer                wave                      wifi                      
wimax                     

Modules that cannot be built:
brite                     click                     mpi                       
openflow                  


-- Configuring done
-- Generating done
-- Build files have been written to: /home/mtp/ns-allinone-3.36.1/ns-3.36.1/cmake-cache
-- GLOB mismatch!
-- Using default output directory /home/mtp/ns-allinone-3.36.1/ns-3.36.1/build
-- [33mProceeding without cmake-format[0m
-- find_external_library: SQLite3 was found.
-- [33mHarfbuzz is required by GTK3 and was not found.[0m
-- LibXML2 was found.
-- LibRT was found.
-- GSL was found.
-- [33mdocs: doxygen documentation not enabled due to missing dependencies: doxygen;dia[0m
-- Failed to locate sphinx-build executable (missing: SPHINX_EXECUTABLE) 
-- [33mdocs: sphinx documentation not enabled due to missing dependencies: Sphinx;epstopdf;pdflatex;latexmk;convert;dvipng[0m
-- Precompiled headers were enabled
-- Processing src/visualizer
-- Processing src/antenna
-- Processing src/aodv
-- Processing src/applications
-- Processing src/bridge
-- Processing src/brite
-- [33mfind_external_library: brite was not found. Missing headers: "Brite.h" and missing libraries: "brite".[0m
-- [33mSkipping src/brite[0m
-- Processing src/buildings
-- Processing src/click
-- [33mfind_external_library: click was not found. Missing headers: "simclick.h" and missing libraries: "nsclick;click".[0m
-- [33mSkipping src/click[0m
-- Processing src/config-store
-- Processing src/core
-- Boost Units have been found.
-- Processing src/csma
-- Processing src/csma-layout
-- Processing src/dsdv
-- Processing src/dsr
-- Processing src/energy
-- Processing src/fd-net-device
-- Checking for module 'libdpdk'
--   No package 'libdpdk' found
-- Processing src/flow-monitor
-- Processing src/internet
-- Processing src/internet-apps
-- Processing src/lr-wpan
-- Processing src/lte
-- Processing src/mesh
-- Processing src/mobility
-- Processing src/netanim
-- Processing src/network
-- Processing src/nix-vector-routing
-- Processing src/olsr
-- Processing src/openflow
-- [33mfind_external_library: openflow was not found. Missing headers: "openflow.h" and missing libraries: "openflow".[0m
-- [33mSkipping src/openflow[0m
-- Processing src/point-to-point
-- Processing src/point-to-point-layout
-- Processing src/propagation
-- Processing src/sixlowpan
-- Processing src/spectrum
-- Processing src/stats
-- Processing src/tap-bridge
-- Processing src/test
-- Processing src/topology-read
-- Processing src/traffic-control
-- Processing src/uan
-- Processing src/virtual-net-device
-- Processing src/wave
-- Processing src/wifi
-- Processing src/wimax
-- ---- Summary of optional ns-3 features:
Build profile                 : debug
Build directory               : /home/mtp/ns-allinone-3.36.1/ns-3.36.1/build
BRITE Integration             : [31mOFF (missing dependency)[0m
DES Metrics event collection  : OFF (not requested)
DPDK NetDevice                : OFF (not requested)
Emulation FdNetDevice         : [32mON[0m
Examples                      : [32mON[0m
File descriptor NetDevice     : [32mON[0m
GNU Scientific Library (GSL)  : [32mON[0m
GtkConfigStore                : [31mOFF (missing dependency)[0m
LibXml2 support               : [32mON[0m
MPI Support                   : OFF (not requested)
ns-3 Click Integration        : [31mOFF (missing dependency)[0m
ns-3 OpenFlow Integration     : [31mOFF (missing dependency)[0m
Netmap emulation FdNetDevice  : [31mOFF (missing dependency)[0m
PyViz visualizer              : [32mON[0m
Python API Scanning Support   : OFF (not requested)
Python Bindings               : [32mON[0m
Real Time Simulator           : [32mON[0m
SQLite support                : [32mON[0m
Tap Bridge                    : [32mON[0m
Tap FdNetDevice               : [32mON[0m
Tests                         : [32mON[0m


Modules configured to be built:
antenna                   aodv                      applications              
bridge                    buildings                 config-store              
core                      csma                      csma-layout               
dsdv                      dsr                       energy                    
fd-net-device             flow-monitor              internet                  
internet-apps             lr-wpan                   lte                       
mesh                      mobility                  netanim                   
network                   nix-vector-routing        olsr                      
point-to-point            point-to-point-layout     propagation               
sixlowpan                 spectrum                  stats                     
tap-bridge                test                      topology-read             
traffic-control           uan                       virtual-net-device        
visualizer                wave                      wifi                      
wimax                     

Modules that cannot be built:
brite                     click                     mpi                       
openflow                  


-- Configuring done
-- Generating done
-- Build files have been written to: /home/mtp/ns-allinone-3.36.1/ns-3.36.1/cmake-cache
-- GLOB mismatch!
-- Using default output directory /home/mtp/ns-allinone-3.36.1/ns-3.36.1/build
-- [33mProceeding without cmake-format[0m
-- find_external_library: SQLite3 was found.
-- [33mHarfbuzz is required by GTK3 and was not found.[0m
-- LibXML2 was found.
-- LibRT was found.
-- GSL was found.
-- [33mdocs: doxygen documentation not enabled due to missing dependencies: doxygen;dia[0m
-- Failed to locate sphinx-build executable (missing: SPHINX_EXECUTABLE) 
-- [33mdocs: sphinx documentation not enabled due to missing dependencies: Sphinx;epstopdf;pdflatex;latexmk;convert;dvipng[0m
-- Precompiled headers were enabled
-- Processing src/visualizer
-- Processing src/antenna
-- Processing src/aodv
-- Processing src/applications
-- Processing src/bridge
-- Processing src/brite
-- [33mfind_external_library: brite was not found. Missing headers: "Brite.h" and missing libraries: "brite".[0m
-- [33mSkipping src/brite[0m
-- Processing src/buildings
-- Processing src/click
-- [33mfind_external_library: click was not found. Missing headers: "simclick.h" and missing libraries: "nsclick;click".[0m
-- [33mSkipping src/click[0m
-- Processing src/config-store
-- Processing src/core
-- Boost Units have been found.
-- Processing src/csma
-- Processing src/csma-layout
-- Processing src/dsdv
-- Processing src/dsr
-- Processing src/energy
-- Processing src/fd-net-device
-- Checking for module 'libdpdk'
--   No package 'libdpdk' found
-- Processing src/flow-monitor
-- Processing src/internet
-- Processing src/internet-apps
-- Processing src/lr-wpan
-- Processing src/lte
-- Processing src/mesh
-- Processing src/mobility
-- Processing src/netanim
-- Processing src/network
-- Processing src/nix-vector-routing
-- Processing src/olsr
-- Processing src/openflow
-- [33mfind_external_library: openflow was not found. Missing headers: "openflow.h" and missing libraries: "openflow".[0m
-- [33mSkipping src/openflow[0m
-- Processing src/point-to-point
-- Processing src/point-to-point-layout
-- Processing src/propagation
-- Processing src/sixlowpan
-- Processing src/spectrum
-- Processing src/stats
-- Processing src/tap-bridge
-- Processing src/test
-- Processing src/topology-read
-- Processing src/traffic-control
-- Processing src/uan
-- Processing src/virtual-net-device
-- Processing src/wave
-- Processing src/wifi
-- Processing src/wimax
-- ---- Summary of optional ns-3 features:
Build profile                 : debug
Build directory               : /home/mtp/ns-allinone-3.36.1/ns-3.36.1/build
BRITE Integration             : [31mOFF (missing dependency)[0m
DES Metrics event collection  : OFF (not requested)
DPDK NetDevice                : OFF (not requested)
Emulation FdNetDevice         : [32mON[0m
Examples                      : [32mON[0m
File descriptor NetDevice     : [32mON[0m
GNU Scientific Library (GSL)  : [32mON[0m
GtkConfigStore                : [31mOFF (missing dependency)[0m
LibXml2 support               : [32mON[0m
MPI Support                   : OFF (not requested)
ns-3 Click Integration        : [31mOFF (missing dependency)[0m
ns-3 OpenFlow Integration     : [31mOFF (missing dependency)[0m
Netmap emulation FdNetDevice  : [31mOFF (missing dependency)[0m
PyViz visualizer              : [32mON[0m
Python API Scanning Support   : OFF (not requested)
Python Bindings               : [32mON[0m
Real Time Simulator           : [32mON[0m
SQLite support                : [32mON[0m
Tap Bridge                    : [32mON[0m
Tap FdNetDevice               : [32mON[0m
Tests                         : [32mON[0m


Modules configured to be built:
antenna                   aodv                      applications              
bridge                    buildings                 config-store              
core                      csma                      csma-layout               
dsdv                      dsr                       energy                    
fd-net-device             flow-monitor              internet                  
internet-apps             lr-wpan                   lte                       
mesh                      mobility                  netanim                   
network                   nix-vector-routing        olsr                      
point-to-point            point-to-point-layout     propagation               
sixlowpan                 spectrum                  stats                     
tap-bridge                test                      topology-read             
traffic-control           uan                       virtual-net-device        
visualizer                wave                      wifi                      
wimax                     

Modules that cannot be built:
brite                     click                     mpi                       
openflow                  


-- Configuring done
-- Generating done
-- Build files have been written to: /home/mtp/ns-allinone-3.36.1/ns-3.36.1/cmake-cache
-- GLOB mismatch!
-- Using default output directory /home/mtp/ns-allinone-3.36.1/ns-3.36.1/build
-- [33mProceeding without cmake-format[0m
-- find_external_library: SQLite3 was found.
-- [33mHarfbuzz is required by GTK3 and was not found.[0m
-- LibXML2 was found.
-- LibRT was found.
-- GSL was found.
-- [33mdocs: doxygen documentation not enabled due to missing dependencies: doxygen;dia[0m
-- Failed to locate sphinx-build executable (missing: SPHINX_EXECUTABLE) 
-- [33mdocs: sphinx documentation not enabled due to missing dependencies: Sphinx;epstopdf;pdflatex;latexmk;convert;dvipng[0m
-- Precompiled headers were enabled
-- Processing src/visualizer
-- Processing src/antenna
-- Processing src/aodv
-- Processing src/applications
-- Processing src/bridge
-- Processing src/brite
-- [33mfind_external_library: brite was not found. Missing headers: "Brite.h" and missing libraries: "brite".[0m
-- [33mSkipping src/brite[0m
-- Processing src/buildings
-- Processing src/click
-- [33mfind_external_library: click was not found. Missing headers: "simclick.h" and missing libraries: "nsclick;click".[0m
-- [33mSkipping src/click[0m
-- Processing src/config-store
-- Processing src/core
-- Boost Units have been found.
-- Processing src/csma
-- Processing src/csma-layout
-- Processing src/dsdv
-- Processing src/dsr
-- Processing src/energy
-- Processing src/fd-net-device
-- Checking for module 'libdpdk'
--   No package 'libdpdk' found
-- Processing src/flow-monitor
-- Processing src/internet
-- Processing src/internet-apps
-- Processing src/lr-wpan
-- Processing src/lte
-- Processing src/mesh
-- Processing src/mobility
-- Processing src/netanim
-- Processing src/network
-- Processing src/nix-vector-routing
-- Processing src/olsr
-- Processing src/openflow
-- [33mfind_external_library: openflow was not found. Missing headers: "openflow.h" and missing libraries: "openflow".[0m
-- [33mSkipping src/openflow[0m
-- Processing src/point-to-point
-- Processing src/point-to-point-layout
-- Processing src/propagation
-- Processing src/sixlowpan
-- Processing src/spectrum
-- Processing src/stats
-- Processing src/tap-bridge
-- Processing src/test
-- Processing src/topology-read
-- Processing src/traffic-control
-- Processing src/uan
-- Processing src/virtual-net-device
-- Processing src/wave
-- Processing src/wifi
-- Processing src/wimax
-- ---- Summary of optional ns-3 features:
Build profile                 : debug
Build directory               : /home/mtp/ns-allinone-3.36.1/ns-3.36.1/build
BRITE Integration             : [31mOFF (missing dependency)[0m
DES Metrics event collection  : OFF (not requested)
DPDK NetDevice                : OFF (not requested)
Emulation FdNetDevice         : [32mON[0m
Examples                      : [32mON[0m
File descriptor NetDevice     : [32mON[0m
GNU Scientific Library (GSL)  : [32mON[0m
GtkConfigStore                : [31mOFF (missing dependency)[0m
LibXml2 support               : [32mON[0m
MPI Support                   : OFF (not requested)
ns-3 Click Integration        : [31mOFF (missing dependency)[0m
ns-3 OpenFlow Integration     : [31mOFF (missing dependency)[0m
Netmap emulation FdNetDevice  : [31mOFF (missing dependency)[0m
PyViz visualizer              : [32mON[0m
Python API Scanning Support   : OFF (not requested)
Python Bindings               : [32mON[0m
Real Time Simulator           : [32mON[0m
SQLite support                : [32mON[0m
Tap Bridge                    : [32mON[0m
Tap FdNetDevice               : [32mON[0m
Tests                         : [32mON[0m


Modules configured to be built:
antenna                   aodv                      applications              
bridge                    buildings                 config-store              
core                      csma                      csma-layout               
dsdv                      dsr                       energy                    
fd-net-device             flow-monitor              internet                  
internet-apps             lr-wpan                   lte                       
mesh                      mobility                  netanim                   
network                   nix-vector-routing        olsr                      
point-to-point            point-to-point-layout     propagation               
sixlowpan                 spectrum                  stats                     
tap-bridge                test                      topology-read             
traffic-control           uan                       virtual-net-device        
visualizer                wave                      wifi                      
wimax                     

Modules that cannot be built:
brite                     click                     mpi                       
openflow                  


-- Configuring done
-- Generating done
-- Build files have been written to: /home/mtp/ns-allinone-3.36.1/ns-3.36.1/cmake-cache
-- GLOB mismatch!
-- Using default output directory /home/mtp/ns-allinone-3.36.1/ns-3.36.1/build
-- [33mProceeding without cmake-format[0m
-- find_external_library: SQLite3 was found.
-- [33mHarfbuzz is required by GTK3 and was not found.[0m
-- LibXML2 was found.
-- LibRT was found.
-- GSL was found.
-- [33mdocs: doxygen documentation not enabled due to missing dependencies: doxygen;dia[0m
-- Failed to locate sphinx-build executable (missing: SPHINX_EXECUTABLE) 
-- [33mdocs: sphinx documentation not enabled due to missing dependencies: Sphinx;epstopdf;pdflatex;latexmk;convert;dvipng[0m
-- Precompiled headers were enabled
-- Processing src/visualizer
-- Processing src/antenna
-- Processing src/aodv
-- Processing src/applications
-- Processing src/bridge
-- Processing src/brite
-- [33mfind_external_library: brite was not found. Missing headers: "Brite.h" and missing libraries: "brite".[0m
-- [33mSkipping src/brite[0m
-- Processing src/buildings
-- Processing src/click
-- [33mfind_external_library: click was not found. Missing headers: "simclick.h" and missing libraries: "nsclick;click".[0m
-- [33mSkipping src/click[0m
-- Processing src/config-store
-- Processing src/core
-- Boost Units have been found.
-- Processing src/csma
-- Processing src/csma-layout
-- Processing src/dsdv
-- Processing src/dsr
-- Processing src/energy
-- Processing src/fd-net-device
-- Checking for module 'libdpdk'
--   No package 'libdpdk' found
-- Processing src/flow-monitor
-- Processing src/internet
-- Processing src/internet-apps
-- Processing src/lr-wpan
-- Processing src/lte
-- Processing src/mesh
-- Processing src/mobility
-- Processing src/netanim
-- Processing src/network
-- Processing src/nix-vector-routing
-- Processing src/olsr
-- Processing src/openflow
-- [33mfind_external_library: openflow was not found. Missing headers: "openflow.h" and missing libraries: "openflow".[0m
-- [33mSkipping src/openflow[0m
-- Processing src/point-to-point
-- Processing src/point-to-point-layout
-- Processing src/propagation
-- Processing src/sixlowpan
-- Processing src/spectrum
-- Processing src/stats
-- Processing src/tap-bridge
-- Processing src/test
-- Processing src/topology-read
-- Processing src/traffic-control
-- Processing src/uan
-- Processing src/virtual-net-device
-- Processing src/wave
-- Processing src/wifi
-- Processing src/wimax
-- ---- Summary of optional ns-3 features:
Build profile                 : debug
Build directory               : /home/mtp/ns-allinone-3.36.1/ns-3.36.1/build
BRITE Integration             : [31mOFF (missing dependency)[0m
DES Metrics event collection  : OFF (not requested)
DPDK NetDevice                : OFF (not requested)
Emulation FdNetDevice         : [32mON[0m
Examples                      : [32mON[0m
File descriptor NetDevice     : [32mON[0m
GNU Scientific Library (GSL)  : [32mON[0m
GtkConfigStore                : [31mOFF (missing dependency)[0m
LibXml2 support               : [32mON[0m
MPI Support                   : OFF (not requested)
ns-3 Click Integration        : [31mOFF (missing dependency)[0m
ns-3 OpenFlow Integration     : [31mOFF (missing dependency)[0m
Netmap emulation FdNetDevice  : [31mOFF (missing dependency)[0m
PyViz visualizer              : [32mON[0m
Python API Scanning Support   : OFF (not requested)
Python Bindings               : [32mON[0m
Real Time Simulator           : [32mON[0m
SQLite support                : [32mON[0m
Tap Bridge                    : [32mON[0m
Tap FdNetDevice               : [32mON[0m
Tests                         : [32mON[0m


Modules configured to be built:
antenna                   aodv                      applications              
bridge                    buildings                 config-store              
core                      csma                      csma-layout               
dsdv                      dsr                       energy                    
fd-net-device             flow-monitor              internet                  
internet-apps             lr-wpan                   lte                       
mesh                      mobility                  netanim                   
network                   nix-vector-routing        olsr                      
point-to-point            point-to-point-layout     propagation               
sixlowpan                 spectrum                  stats                     
tap-bridge                test                      topology-read             
traffic-control           uan                       virtual-net-device        
visualizer                wave                      wifi                      
wimax                     

Modules that cannot be built:
brite                     click                     mpi                       
openflow                  


-- Configuring done
-- Generating done
-- Build files have been written to: /home/mtp/ns-allinone-3.36.1/ns-3.36.1/cmake-cache
-- GLOB mismatch!
-- Using default output directory /home/mtp/ns-allinone-3.36.1/ns-3.36.1/build
-- [33mProceeding without cmake-format[0m
-- find_external_library: SQLite3 was found.
-- [33mHarfbuzz is required by GTK3 and was not found.[0m
-- LibXML2 was found.
-- LibRT was found.
-- GSL was found.
-- [33mdocs: doxygen documentation not enabled due to missing dependencies: doxygen;dia[0m
-- Failed to locate sphinx-build executable (missing: SPHINX_EXECUTABLE) 
-- [33mdocs: sphinx documentation not enabled due to missing dependencies: Sphinx;epstopdf;pdflatex;latexmk;convert;dvipng[0m
-- Precompiled headers were enabled
-- Processing src/visualizer
-- Processing src/antenna
-- Processing src/aodv
-- Processing src/applications
-- Processing src/bridge
-- Processing src/brite
-- [33mfind_external_library: brite was not found. Missing headers: "Brite.h" and missing libraries: "brite".[0m
-- [33mSkipping src/brite[0m
-- Processing src/buildings
-- Processing src/click
-- [33mfind_external_library: click was not found. Missing headers: "simclick.h" and missing libraries: "nsclick;click".[0m
-- [33mSkipping src/click[0m
-- Processing src/config-store
-- Processing src/core
-- Boost Units have been found.
-- Processing src/csma
-- Processing src/csma-layout
-- Processing src/dsdv
-- Processing src/dsr
-- Processing src/energy
-- Processing src/fd-net-device
-- Checking for module 'libdpdk'
--   No package 'libdpdk' found
-- Processing src/flow-monitor
-- Processing src/internet
-- Processing src/internet-apps
-- Processing src/lr-wpan
-- Processing src/lte
-- Processing src/mesh
-- Processing src/mobility
-- Processing src/netanim
-- Processing src/network
-- Processing src/nix-vector-routing
-- Processing src/olsr
-- Processing src/openflow
-- [33mfind_external_library: openflow was not found. Missing headers: "openflow.h" and missing libraries: "openflow".[0m
-- [33mSkipping src/openflow[0m
-- Processing src/point-to-point
-- Processing src/point-to-point-layout
-- Processing src/propagation
-- Processing src/sixlowpan
-- Processing src/spectrum
-- Processing src/stats
-- Processing src/tap-bridge
-- Processing src/test
-- Processing src/topology-read
-- Processing src/traffic-control
-- Processing src/uan
-- Processing src/virtual-net-device
-- Processing src/wave
-- Processing src/wifi
-- Processing src/wimax
-- ---- Summary of optional ns-3 features:
Build profile                 : debug
Build directory               : /home/mtp/ns-allinone-3.36.1/ns-3.36.1/build
BRITE Integration             : [31mOFF (missing dependency)[0m
DES Metrics event collection  : OFF (not requested)
DPDK NetDevice                : OFF (not requested)
Emulation FdNetDevice         : [32mON[0m
Examples                      : [32mON[0m
File descriptor NetDevice     : [32mON[0m
GNU Scientific Library (GSL)  : [32mON[0m
GtkConfigStore                : [31mOFF (missing dependency)[0m
LibXml2 support               : [32mON[0m
MPI Support                   : OFF (not requested)
ns-3 Click Integration        : [31mOFF (missing dependency)[0m
ns-3 OpenFlow Integration     : [31mOFF (missing dependency)[0m
Netmap emulation FdNetDevice  : [31mOFF (missing dependency)[0m
PyViz visualizer              : [32mON[0m
Python API Scanning Support   : OFF (not requested)
Python Bindings               : [32mON[0m
Real Time Simulator           : [32mON[0m
SQLite support                : [32mON[0m
Tap Bridge                    : [32mON[0m
Tap FdNetDevice               : [32mON[0m
Tests                         : [32mON[0m


Modules configured to be built:
antenna                   aodv                      applications              
bridge                    buildings                 config-store              
core                      csma                      csma-layout               
dsdv                      dsr                       energy                    
fd-net-device             flow-monitor              internet                  
internet-apps             lr-wpan                   lte                       
mesh                      mobility                  netanim                   
network                   nix-vector-routing        olsr                      
point-to-point            point-to-point-layout     propagation               
sixlowpan                 spectrum                  stats                     
tap-bridge                test                      topology-read             
traffic-control           uan                       virtual-net-device        
visualizer                wave                      wifi                      
wimax                     

Modules that cannot be built:
brite                     click                     mpi                       
openflow                  


-- Configuring done
-- Generating done
-- Build files have been written to: /home/mtp/ns-allinone-3.36.1/ns-3.36.1/cmake-cache
-- GLOB mismatch!
-- Using default output directory /home/mtp/ns-allinone-3.36.1/ns-3.36.1/build
-- [33mProceeding without cmake-format[0m
-- find_external_library: SQLite3 was found.
-- [33mHarfbuzz is required by GTK3 and was not found.[0m
-- LibXML2 was found.
-- LibRT was found.
-- GSL was found.
-- [33mdocs: doxygen documentation not enabled due to missing dependencies: doxygen;dia[0m
-- Failed to locate sphinx-build executable (missing: SPHINX_EXECUTABLE) 
-- [33mdocs: sphinx documentation not enabled due to missing dependencies: Sphinx;epstopdf;pdflatex;latexmk;convert;dvipng[0m
-- Precompiled headers were enabled
-- Processing src/visualizer
-- Processing src/antenna
-- Processing src/aodv
-- Processing src/applications
-- Processing src/bridge
-- Processing src/brite
-- [33mfind_external_library: brite was not found. Missing headers: "Brite.h" and missing libraries: "brite".[0m
-- [33mSkipping src/brite[0m
-- Processing src/buildings
-- Processing src/click
-- [33mfind_external_library: click was not found. Missing headers: "simclick.h" and missing libraries: "nsclick;click".[0m
-- [33mSkipping src/click[0m
-- Processing src/config-store
-- Processing src/core
-- Boost Units have been found.
-- Processing src/csma
-- Processing src/csma-layout
-- Processing src/dsdv
-- Processing src/dsr
-- Processing src/energy
-- Processing src/fd-net-device
-- Checking for module 'libdpdk'
--   No package 'libdpdk' found
-- Processing src/flow-monitor
-- Processing src/internet
-- Processing src/internet-apps
-- Processing src/lr-wpan
-- Processing src/lte
-- Processing src/mesh
-- Processing src/mobility
-- Processing src/netanim
-- Processing src/network
-- Processing src/nix-vector-routing
-- Processing src/olsr
-- Processing src/openflow
-- [33mfind_external_library: openflow was not found. Missing headers: "openflow.h" and missing libraries: "openflow".[0m
-- [33mSkipping src/openflow[0m
-- Processing src/point-to-point
-- Processing src/point-to-point-layout
-- Processing src/propagation
-- Processing src/sixlowpan
-- Processing src/spectrum
-- Processing src/stats
-- Processing src/tap-bridge
-- Processing src/test
-- Processing src/topology-read
-- Processing src/traffic-control
-- Processing src/uan
-- Processing src/virtual-net-device
-- Processing src/wave
-- Processing src/wifi
-- Processing src/wimax
-- ---- Summary of optional ns-3 features:
Build profile                 : debug
Build directory               : /home/mtp/ns-allinone-3.36.1/ns-3.36.1/build
BRITE Integration             : [31mOFF (missing dependency)[0m
DES Metrics event collection  : OFF (not requested)
DPDK NetDevice                : OFF (not requested)
Emulation FdNetDevice         : [32mON[0m
Examples                      : [32mON[0m
File descriptor NetDevice     : [32mON[0m
GNU Scientific Library (GSL)  : [32mON[0m
GtkConfigStore                : [31mOFF (missing dependency)[0m
LibXml2 support               : [32mON[0m
MPI Support                   : OFF (not requested)
ns-3 Click Integration        : [31mOFF (missing dependency)[0m
ns-3 OpenFlow Integration     : [31mOFF (missing dependency)[0m
Netmap emulation FdNetDevice  : [31mOFF (missing dependency)[0m
PyViz visualizer              : [32mON[0m
Python API Scanning Support   : OFF (not requested)
Python Bindings               : [32mON[0m
Real Time Simulator           : [32mON[0m
SQLite support                : [32mON[0m
Tap Bridge                    : [32mON[0m
Tap FdNetDevice               : [32mON[0m
Tests                         : [32mON[0m


Modules configured to be built:
antenna                   aodv                      applications              
bridge                    buildings                 config-store              
core                      csma                      csma-layout               
dsdv                      dsr                       energy                    
fd-net-device             flow-monitor              internet                  
internet-apps             lr-wpan                   lte                       
mesh                      mobility                  netanim                   
network                   nix-vector-routing        olsr                      
point-to-point            point-to-point-layout     propagation               
sixlowpan                 spectrum                  stats                     
tap-bridge                test                      topology-read             
traffic-control           uan                       virtual-net-device        
visualizer                wave                      wifi                      
wimax                     

Modules that cannot be built:
brite                     click                     mpi                       
openflow                  


-- Configuring done
-- Generating done
-- Build files have been written to: /home/mtp/ns-allinone-3.36.1/ns-3.36.1/cmake-cache
-- GLOB mismatch!
-- Using default output directory /home/mtp/ns-allinone-3.36.1/ns-3.36.1/build
-- [33mProceeding without cmake-format[0m
-- find_external_library: SQLite3 was found.
-- [33mHarfbuzz is required by GTK3 and was not found.[0m
-- LibXML2 was found.
-- LibRT was found.
-- GSL was found.
-- [33mdocs: doxygen documentation not enabled due to missing dependencies: doxygen;dia[0m
-- Failed to locate sphinx-build executable (missing: SPHINX_EXECUTABLE) 
-- [33mdocs: sphinx documentation not enabled due to missing dependencies: Sphinx;epstopdf;pdflatex;latexmk;convert;dvipng[0m
-- Precompiled headers were enabled
-- Processing src/visualizer
-- Processing src/antenna
-- Processing src/aodv
-- Processing src/applications
-- Processing src/bridge
-- Processing src/brite
-- [33mfind_external_library: brite was not found. Missing headers: "Brite.h" and missing libraries: "brite".[0m
-- [33mSkipping src/brite[0m
-- Processing src/buildings
-- Processing src/click
-- [33mfind_external_library: click was not found. Missing headers: "simclick.h" and missing libraries: "nsclick;click".[0m
-- [33mSkipping src/click[0m
-- Processing src/config-store
-- Processing src/core
-- Boost Units have been found.
-- Processing src/csma
-- Processing src/csma-layout
-- Processing src/dsdv
-- Processing src/dsr
-- Processing src/energy
-- Processing src/fd-net-device
-- Checking for module 'libdpdk'
--   No package 'libdpdk' found
-- Processing src/flow-monitor
-- Processing src/internet
-- Processing src/internet-apps
-- Processing src/lr-wpan
-- Processing src/lte
-- Processing src/mesh
-- Processing src/mobility
-- Processing src/netanim
-- Processing src/network
-- Processing src/nix-vector-routing
-- Processing src/olsr
-- Processing src/openflow
-- [33mfind_external_library: openflow was not found. Missing headers: "openflow.h" and missing libraries: "openflow".[0m
-- [33mSkipping src/openflow[0m
-- Processing src/point-to-point
-- Processing src/point-to-point-layout
-- Processing src/propagation
-- Processing src/sixlowpan
-- Processing src/spectrum
-- Processing src/stats
-- Processing src/tap-bridge
-- Processing src/test
-- Processing src/topology-read
-- Processing src/traffic-control
-- Processing src/uan
-- Processing src/virtual-net-device
-- Processing src/wave
-- Processing src/wifi
-- Processing src/wimax
-- ---- Summary of optional ns-3 features:
Build profile                 : debug
Build directory               : /home/mtp/ns-allinone-3.36.1/ns-3.36.1/build
BRITE Integration             : [31mOFF (missing dependency)[0m
DES Metrics event collection  : OFF (not requested)
DPDK NetDevice                : OFF (not requested)
Emulation FdNetDevice         : [32mON[0m
Examples                      : [32mON[0m
File descriptor NetDevice     : [32mON[0m
GNU Scientific Library (GSL)  : [32mON[0m
GtkConfigStore                : [31mOFF (missing dependency)[0m
LibXml2 support               : [32mON[0m
MPI Support                   : OFF (not requested)
ns-3 Click Integration        : [31mOFF (missing dependency)[0m
ns-3 OpenFlow Integration     : [31mOFF (missing dependency)[0m
Netmap emulation FdNetDevice  : [31mOFF (missing dependency)[0m
PyViz visualizer              : [32mON[0m
Python API Scanning Support   : OFF (not requested)
Python Bindings               : [32mON[0m
Real Time Simulator           : [32mON[0m
SQLite support                : [32mON[0m
Tap Bridge                    : [32mON[0m
Tap FdNetDevice               : [32mON[0m
Tests                         : [32mON[0m


Modules configured to be built:
antenna                   aodv                      applications              
bridge                    buildings                 config-store              
core                      csma                      csma-layout               
dsdv                      dsr                       energy                    
fd-net-device             flow-monitor              internet                  
internet-apps             lr-wpan                   lte                       
mesh                      mobility                  netanim                   
network                   nix-vector-routing        olsr                      
point-to-point            point-to-point-layout     propagation               
sixlowpan                 spectrum                  stats                     
tap-bridge                test                      topology-read             
traffic-control           uan                       virtual-net-device        
visualizer                wave                      wifi                      
wimax                     

Modules that cannot be built:
brite                     click                     mpi                       
openflow                  


-- Configuring done
-- Generating done
-- Build files have been written to: /home/mtp/ns-allinone-3.36.1/ns-3.36.1/cmake-cache
-- GLOB mismatch!
-- Using default output directory /home/mtp/ns-allinone-3.36.1/ns-3.36.1/build
-- [33mProceeding without cmake-format[0m
-- find_external_library: SQLite3 was found.
-- [33mHarfbuzz is required by GTK3 and was not found.[0m
-- LibXML2 was found.
-- LibRT was found.
-- GSL was found.
-- [33mdocs: doxygen documentation not enabled due to missing dependencies: doxygen;dia[0m
-- Failed to locate sphinx-build executable (missing: SPHINX_EXECUTABLE) 
-- [33mdocs: sphinx documentation not enabled due to missing dependencies: Sphinx;epstopdf;pdflatex;latexmk;convert;dvipng[0m
-- Precompiled headers were enabled
-- Processing src/visualizer
-- Processing src/antenna
-- Processing src/aodv
-- Processing src/applications
-- Processing src/bridge
-- Processing src/brite
-- [33mfind_external_library: brite was not found. Missing headers: "Brite.h" and missing libraries: "brite".[0m
-- [33mSkipping src/brite[0m
-- Processing src/buildings
-- Processing src/click
-- [33mfind_external_library: click was not found. Missing headers: "simclick.h" and missing libraries: "nsclick;click".[0m
-- [33mSkipping src/click[0m
-- Processing src/config-store
-- Processing src/core
-- Boost Units have been found.
-- Processing src/csma
-- Processing src/csma-layout
-- Processing src/dsdv
-- Processing src/dsr
-- Processing src/energy
-- Processing src/fd-net-device
-- Checking for module 'libdpdk'
--   No package 'libdpdk' found
-- Processing src/flow-monitor
-- Processing src/internet
-- Processing src/internet-apps
-- Processing src/lr-wpan
-- Processing src/lte
-- Processing src/mesh
-- Processing src/mobility
-- Processing src/netanim
-- Processing src/network
-- Processing src/nix-vector-routing
-- Processing src/olsr
-- Processing src/openflow
-- [33mfind_external_library: openflow was not found. Missing headers: "openflow.h" and missing libraries: "openflow".[0m
-- [33mSkipping src/openflow[0m
-- Processing src/point-to-point
-- Processing src/point-to-point-layout
-- Processing src/propagation
-- Processing src/sixlowpan
-- Processing src/spectrum
-- Processing src/stats
-- Processing src/tap-bridge
-- Processing src/test
-- Processing src/topology-read
-- Processing src/traffic-control
-- Processing src/uan
-- Processing src/virtual-net-device
-- Processing src/wave
-- Processing src/wifi
-- Processing src/wimax
-- ---- Summary of optional ns-3 features:
Build profile                 : debug
Build directory               : /home/mtp/ns-allinone-3.36.1/ns-3.36.1/build
BRITE Integration             : [31mOFF (missing dependency)[0m
DES Metrics event collection  : OFF (not requested)
DPDK NetDevice                : OFF (not requested)
Emulation FdNetDevice         : [32mON[0m
Examples                      : [32mON[0m
File descriptor NetDevice     : [32mON[0m
GNU Scientific Library (GSL)  : [32mON[0m
GtkConfigStore                : [31mOFF (missing dependency)[0m
LibXml2 support               : [32mON[0m
MPI Support                   : OFF (not requested)
ns-3 Click Integration        : [31mOFF (missing dependency)[0m
ns-3 OpenFlow Integration     : [31mOFF (missing dependency)[0m
Netmap emulation FdNetDevice  : [31mOFF (missing dependency)[0m
PyViz visualizer              : [32mON[0m
Python API Scanning Support   : OFF (not requested)
Python Bindings               : [32mON[0m
Real Time Simulator           : [32mON[0m
SQLite support                : [32mON[0m
Tap Bridge                    : [32mON[0m
Tap FdNetDevice               : [32mON[0m
Tests                         : [32mON[0m


Modules configured to be built:
antenna                   aodv                      applications              
bridge                    buildings                 config-store              
core                      csma                      csma-layout               
dsdv                      dsr                       energy                    
fd-net-device             flow-monitor              internet                  
internet-apps             lr-wpan                   lte                       
mesh                      mobility                  netanim                   
network                   nix-vector-routing        olsr                      
point-to-point            point-to-point-layout     propagation               
sixlowpan                 spectrum                  stats                     
tap-bridge                test                      topology-read             
traffic-control           uan                       virtual-net-device        
visualizer                wave                      wifi                      
wimax                     

Modules that cannot be built:
brite                     click                     mpi                       
openflow                  


-- Configuring done
-- Generating done
-- Build files have been written to: /home/mtp/ns-allinone-3.36.1/ns-3.36.1/cmake-cache
-- GLOB mismatch!
-- Using default output directory /home/mtp/ns-allinone-3.36.1/ns-3.36.1/build
-- [33mProceeding without cmake-format[0m
-- find_external_library: SQLite3 was found.
-- [33mHarfbuzz is required by GTK3 and was not found.[0m
-- LibXML2 was found.
-- LibRT was found.
-- GSL was found.
-- [33mdocs: doxygen documentation not enabled due to missing dependencies: doxygen;dia[0m
-- Failed to locate sphinx-build executable (missing: SPHINX_EXECUTABLE) 
-- [33mdocs: sphinx documentation not enabled due to missing dependencies: Sphinx;epstopdf;pdflatex;latexmk;convert;dvipng[0m
-- Precompiled headers were enabled
-- Processing src/visualizer
-- Processing src/antenna
-- Processing src/aodv
-- Processing src/applications
-- Processing src/bridge
-- Processing src/brite
-- [33mfind_external_library: brite was not found. Missing headers: "Brite.h" and missing libraries: "brite".[0m
-- [33mSkipping src/brite[0m
-- Processing src/buildings
-- Processing src/click
-- [33mfind_external_library: click was not found. Missing headers: "simclick.h" and missing libraries: "nsclick;click".[0m
-- [33mSkipping src/click[0m
-- Processing src/config-store
-- Processing src/core
-- Boost Units have been found.
-- Processing src/csma
-- Processing src/csma-layout
-- Processing src/dsdv
-- Processing src/dsr
-- Processing src/energy
-- Processing src/fd-net-device
-- Checking for module 'libdpdk'
--   No package 'libdpdk' found
-- Processing src/flow-monitor
-- Processing src/internet
-- Processing src/internet-apps
-- Processing src/lr-wpan
-- Processing src/lte
-- Processing src/mesh
-- Processing src/mobility
-- Processing src/netanim
-- Processing src/network
-- Processing src/nix-vector-routing
-- Processing src/olsr
-- Processing src/openflow
-- [33mfind_external_library: openflow was not found. Missing headers: "openflow.h" and missing libraries: "openflow".[0m
-- [33mSkipping src/openflow[0m
-- Processing src/point-to-point
-- Processing src/point-to-point-layout
-- Processing src/propagation
-- Processing src/sixlowpan
-- Processing src/spectrum
-- Processing src/stats
-- Processing src/tap-bridge
-- Processing src/test
-- Processing src/topology-read
-- Processing src/traffic-control
-- Processing src/uan
-- Processing src/virtual-net-device
-- Processing src/wave
-- Processing src/wifi
-- Processing src/wimax
-- ---- Summary of optional ns-3 features:
Build profile                 : debug
Build directory               : /home/mtp/ns-allinone-3.36.1/ns-3.36.1/build
BRITE Integration             : [31mOFF (missing dependency)[0m
DES Metrics event collection  : OFF (not requested)
DPDK NetDevice                : OFF (not requested)
Emulation FdNetDevice         : [32mON[0m
Examples                      : [32mON[0m
File descriptor NetDevice     : [32mON[0m
GNU Scientific Library (GSL)  : [32mON[0m
GtkConfigStore                : [31mOFF (missing dependency)[0m
LibXml2 support               : [32mON[0m
MPI Support                   : OFF (not requested)
ns-3 Click Integration        : [31mOFF (missing dependency)[0m
ns-3 OpenFlow Integration     : [31mOFF (missing dependency)[0m
Netmap emulation FdNetDevice  : [31mOFF (missing dependency)[0m
PyViz visualizer              : [32mON[0m
Python API Scanning Support   : OFF (not requested)
Python Bindings               : [32mON[0m
Real Time Simulator           : [32mON[0m
SQLite support                : [32mON[0m
Tap Bridge                    : [32mON[0m
Tap FdNetDevice               : [32mON[0m
Tests                         : [32mON[0m


Modules configured to be built:
antenna                   aodv                      applications              
bridge                    buildings                 config-store              
core                      csma                      csma-layout               
dsdv                      dsr                       energy                    
fd-net-device             flow-monitor              internet                  
internet-apps             lr-wpan                   lte                       
mesh                      mobility                  netanim                   
network                   nix-vector-routing        olsr                      
point-to-point            point-to-point-layout     propagation               
sixlowpan                 spectrum                  stats                     
tap-bridge                test                      topology-read             
traffic-control           uan                       virtual-net-device        
visualizer                wave                      wifi                      
wimax                     

Modules that cannot be built:
brite                     click                     mpi                       
openflow                  


-- Configuring done
-- Generating done
-- Build files have been written to: /home/mtp/ns-allinone-3.36.1/ns-3.36.1/cmake-cache
Running for headway=25
Running for headway=30
Running for headway=35
Running for headway=40
Running for headway=45
Running for headway=50
Running for headway=55
Running for headway=60
Running for headway=65
Running for headway=70
Running for headway=75
Running the Process for output & Plot extraction
sbb shi tha 1
sbb shi tha 2
